Thu 21 Mar 2024 08:19:55 PM UTC: 
 tests:  0|5
total_score: 0/70
70807da
Thu 21 Mar 2024 08:42:58 PM UTC: 
 exercises.c | 5 +++++
 1 file changed, 5 insertions(+)
 tests:  1|4
total_score: 10/70
f3cdbc2
Thu 21 Mar 2024 08:47:27 PM UTC: 
 exercises.c | 2 ++
 1 file changed, 2 insertions(+)
In file included from test.c:5:
exercises.c: In function ‘sumaLista’:
exercises.c:61:3: error: ‘largo’ undeclared (first use in this function)
   61 |   largo = get_size(L);
      |   ^~~~~
exercises.c:61:3: note: each undeclared identifier is reported only once for each function it appears in
exercises.c:60:7: error: unused variable ‘suma’ [-Werror=unused-variable]
   60 |   int suma = 0;
      |       ^~~~
cc1: all warnings being treated as errors
Compilation failed
0823942
Thu 21 Mar 2024 08:49:03 PM UTC: 
 exercises.c | 7 +++++--
 1 file changed, 5 insertions(+), 2 deletions(-)
In file included from test.c:5:
exercises.c: In function ‘sumaLista’:
exercises.c:61:3: error: ‘talla’ undeclared (first use in this function)
   61 |   talla = get_size(L);
      |   ^~~~~
exercises.c:61:3: note: each undeclared identifier is reported only once for each function it appears in
exercises.c:63:14: error: invalid use of undefined type ‘struct List’
   63 |     suma += L[i];
      |              ^
exercises.c:63:13: error: invalid use of incomplete typedef ‘List’
   63 |     suma += L[i];
      |             ^
Compilation failed
b87ae63
Thu 21 Mar 2024 08:49:10 PM UTC: 
 exercises.c | 2 +-
 1 file changed, 1 insertion(+), 1 deletion(-)
In file included from test.c:5:
exercises.c: In function ‘sumaLista’:
exercises.c:63:14: error: invalid use of undefined type ‘struct List’
   63 |     suma += L[i];
      |              ^
exercises.c:63:13: error: invalid use of incomplete typedef ‘List’
   63 |     suma += L[i];
      |             ^
Compilation failed
0774c9c
Thu 21 Mar 2024 08:52:17 PM UTC: 
 exercises.c | 7 ++++---
 1 file changed, 4 insertions(+), 3 deletions(-)
In file included from test.c:5:
exercises.c: In function ‘sumaLista’:
exercises.c:64:11: error: assignment to ‘int’ from ‘void *’ makes integer from pointer without a cast [-Werror=int-conversion]
   64 |     *dato = next(L);
      |           ^
cc1: all warnings being treated as errors
Compilation failed
25f3399
Thu 21 Mar 2024 08:53:53 PM UTC: 
 exercises.c | 6 +++---
 1 file changed, 3 insertions(+), 3 deletions(-)
 tests:  2|3
total_score: 20/70
0a0f406
Thu 21 Mar 2024 08:59:19 PM UTC: 
 exercises.c | 8 +++++++-
 1 file changed, 7 insertions(+), 1 deletion(-)
 tests:  3|2
total_score: 40/70
6e140e2
Thu 21 Mar 2024 09:01:28 PM UTC: 
 exercises.c | 4 ++--
 1 file changed, 2 insertions(+), 2 deletions(-)
 tests:  3|2
total_score: 40/70
5bf3797
Thu 21 Mar 2024 09:01:39 PM UTC: 
 exercises.c | 4 ++--
 1 file changed, 2 insertions(+), 2 deletions(-)
 tests:  3|2
total_score: 40/70
fe56b5c
Thu 21 Mar 2024 09:17:17 PM UTC: 
 exercises.c | 13 +++++++++++++
 1 file changed, 13 insertions(+)
In file included from test.c:5:
exercises.c: In function ‘copia_pila’:
exercises.c:96:3: error: unknown type name ‘stack’; did you mean ‘Stack’?
   96 |   stack* pilaAux = create_stack();
      |   ^~~~~
      |   Stack
exercises.c:96:20: error: initialization of ‘int *’ from incompatible pointer type ‘Stack *’ {aka ‘List *’} [-Werror=incompatible-pointer-types]
   96 |   stack* pilaAux = create_stack();
      |                    ^~~~~~~~~~~~
exercises.c:100:10: error: passing argument 1 of ‘push’ from incompatible pointer type [-Werror=incompatible-pointer-types]
  100 |     push(pilaAux,dato);
      |          ^~~~~~~
      |          |
      |          int *
In file included from exercises.c:7,
                 from test.c:5:
stack.h:11:18: note: expected ‘Stack *’ {aka ‘List *’} but argument is of type ‘int *’
   11 | void push(Stack *stack, void *data) { pushFront(stack, data); }
      |           ~~~~~~~^~~~~
In file included from test.c:5:
exercises.c:103:20: error: passing argument 1 of ‘top’ from incompatible pointer type [-Werror=incompatible-pointer-types]
  103 |   int *dato2 = top(pilaAux);
      |                    ^~~~~~~
      |                    |
      |                    int *
In file included from exercises.c:7,
                 from test.c:5:
stack.h:14:18: note: expected ‘Stack *’ {aka ‘List *’} but argument is of type ‘int *’
   14 | void *top(Stack *stack) { return first(stack); }
      |           ~~~~~~~^~~~~
In file included from test.c:5:
exercises.c:105:17: error: passing argument 1 of ‘top’ from incompatible pointer type [-Werror=incompatible-pointer-types]
  105 |     dato2 = top(pilaAux);
      |                 ^~~~~~~
      |                 |
      |                 int *
In file included from exercises.c:7,
                 from test.c:5:
stack.h:14:18: note: expected ‘Stack *’ {aka ‘List *’} but argument is of type ‘int *’
   14 | void *top(Stack *stack) { return first(stack); }
      |           ~~~~~~~^~~~~
In file included from test.c:5:
exercises.c:107:9: error: passing argument 1 of ‘pop’ from incompatible pointer type [-Werror=incompatible-pointer-types]
  107 |     pop(pilaAux);
      |         ^~~~~~~
      |         |
      |         int *
In file included from exercises.c:7,
                 from test.c:5:
stack.h:17:18: note: expected ‘Stack *’ {aka ‘List *’} but argument is of type ‘int *’
   17 | void *pop(Stack *stack) { return popFront(stack); }
      |           ~~~~~~~^~~~~
cc1: all warnings being treated as errors
Compilation failed
4f94896
Sat 23 Mar 2024 07:01:10 PM UTC: 
 exercises.c | 4 ++--
 1 file changed, 2 insertions(+), 2 deletions(-)
In file included from test.c:5:
exercises.c: In function ‘copia_pila’:
exercises.c:96:3: error: unknown type name ‘stack’; did you mean ‘Stack’?
   96 |   stack* pilaAux = create_stack();
      |   ^~~~~
      |   Stack
exercises.c:96:20: error: initialization of ‘int *’ from incompatible pointer type ‘Stack *’ {aka ‘List *’} [-Werror=incompatible-pointer-types]
   96 |   stack* pilaAux = create_stack();
      |                    ^~~~~~~~~~~~
exercises.c:100:10: error: passing argument 1 of ‘push’ from incompatible pointer type [-Werror=incompatible-pointer-types]
  100 |     push(pilaAux,dato);
      |          ^~~~~~~
      |          |
      |          int *
In file included from exercises.c:7,
                 from test.c:5:
stack.h:11:18: note: expected ‘Stack *’ {aka ‘List *’} but argument is of type ‘int *’
   11 | void push(Stack *stack, void *data) { pushFront(stack, data); }
      |           ~~~~~~~^~~~~
In file included from test.c:5:
exercises.c:103:20: error: passing argument 1 of ‘top’ from incompatible pointer type [-Werror=incompatible-pointer-types]
  103 |   int *dato2 = top(pilaAux);
      |                    ^~~~~~~
      |                    |
      |                    int *
In file included from exercises.c:7,
                 from test.c:5:
stack.h:14:18: note: expected ‘Stack *’ {aka ‘List *’} but argument is of type ‘int *’
   14 | void *top(Stack *stack) { return first(stack); }
      |           ~~~~~~~^~~~~
In file included from test.c:5:
exercises.c:104:13: error: passing argument 1 of ‘top’ from incompatible pointer type [-Werror=incompatible-pointer-types]
  104 |   while(top(pilaAux) !=NULL){
      |             ^~~~~~~
      |             |
      |             int *
In file included from exercises.c:7,
                 from test.c:5:
stack.h:14:18: note: expected ‘Stack *’ {aka ‘List *’} but argument is of type ‘int *’
   14 | void *top(Stack *stack) { return first(stack); }
      |           ~~~~~~~^~~~~
In file included from test.c:5:
exercises.c:105:17: error: passing argument 1 of ‘top’ from incompatible pointer type [-Werror=incompatible-pointer-types]
  105 |     dato2 = top(pilaAux);
      |                 ^~~~~~~
      |                 |
      |                 int *
In file included from exercises.c:7,
                 from test.c:5:
stack.h:14:18: note: expected ‘Stack *’ {aka ‘List *’} but argument is of type ‘int *’
   14 | void *top(Stack *stack) { return first(stack); }
      |           ~~~~~~~^~~~~
In file included from test.c:5:
exercises.c:107:9: error: passing argument 1 of ‘pop’ from incompatible pointer type [-Werror=incompatible-pointer-types]
  107 |     pop(pilaAux);
      |         ^~~~~~~
      |         |
      |         int *
In file included from exercises.c:7,
                 from test.c:5:
stack.h:17:18: note: expected ‘Stack *’ {aka ‘List *’} but argument is of type ‘int *’
   17 | void *pop(Stack *stack) { return popFront(stack); }
      |           ~~~~~~~^~~~~
cc1: all warnings being treated as errors
Compilation failed
073a2fc
Sat 23 Mar 2024 07:01:24 PM UTC: 
 exercises.c | 2 +-
 1 file changed, 1 insertion(+), 1 deletion(-)
 tests:  3|2
total_score: 40/70
6d075c7
Sat 23 Mar 2024 07:04:05 PM UTC: 
 exercises.c | 8 ++++----
 1 file changed, 4 insertions(+), 4 deletions(-)
 tests:  3|2
total_score: 40/70
c31ce2c
Sat 23 Mar 2024 07:04:48 PM UTC: 
 exercises.c | 4 ++--
 1 file changed, 2 insertions(+), 2 deletions(-)
 tests:  3|2
total_score: 40/70
473cf30
Sat 23 Mar 2024 07:10:44 PM UTC: 
 exercises.c | 1 +
 1 file changed, 1 insertion(+)
 tests:  4|1
total_score: 50/70
25d4afa
Sat 23 Mar 2024 07:16:07 PM UTC: 
 exercises.c | 23 +++++++++++++++++++++++
 1 file changed, 23 insertions(+)
In file included from test.c:5:
exercises.c: In function ‘parentesisBalanceados’:
exercises.c:124:23: error: passing argument 2 of ‘push’ makes pointer from integer without a cast [-Werror=int-conversion]
  124 |       push(pila,cadena[i]);
      |                 ~~~~~~^~~
      |                       |
      |                       char
In file included from exercises.c:7,
                 from test.c:5:
stack.h:11:31: note: expected ‘void *’ but argument is of type ‘char’
   11 | void push(Stack *stack, void *data) { pushFront(stack, data); }
      |                         ~~~~~~^~~~
cc1: all warnings being treated as errors
Compilation failed
c84c8b9
Sat 23 Mar 2024 07:17:15 PM UTC: 
 exercises.c | 2 +-
 1 file changed, 1 insertion(+), 1 deletion(-)
In file included from test.c:5:
exercises.c: In function ‘parentesisBalanceados’:
exercises.c:124:23: error: passing argument 2 of ‘push’ makes pointer from integer without a cast [-Werror=int-conversion]
  124 |       push(pila,cadena[i]);
      |                 ~~~~~~^~~
      |                       |
      |                       char
In file included from exercises.c:7,
                 from test.c:5:
stack.h:11:31: note: expected ‘void *’ but argument is of type ‘char’
   11 | void push(Stack *stack, void *data) { pushFront(stack, data); }
      |                         ~~~~~~^~~~
cc1: all warnings being treated as errors
Compilation failed
4f393ba
Sat 23 Mar 2024 07:17:59 PM UTC: 
 exercises.c | 2 +-
 1 file changed, 1 insertion(+), 1 deletion(-)
In file included from test.c:5:
exercises.c: In function ‘parentesisBalanceados’:
exercises.c:124:23: error: passing argument 2 of ‘push’ makes pointer from integer without a cast [-Werror=int-conversion]
  124 |       push(pila,cadena[i]);
      |                 ~~~~~~^~~
      |                       |
      |                       char
In file included from exercises.c:7,
                 from test.c:5:
stack.h:11:31: note: expected ‘void *’ but argument is of type ‘char’
   11 | void push(Stack *stack, void *data) { pushFront(stack, data); }
      |                         ~~~~~~^~~~
In file included from test.c:5:
exercises.c:138:13: error: expected identifier before ‘==’ token
  138 |   if(pila-> == NULL){
      |             ^~
exercises.c:144:1: error: control reaches end of non-void function [-Werror=return-type]
  144 | }
      | ^
cc1: all warnings being treated as errors
Compilation failed
e76b8dc
Sat 23 Mar 2024 07:18:10 PM UTC: 
 exercises.c | 2 +-
 1 file changed, 1 insertion(+), 1 deletion(-)
In file included from test.c:5:
exercises.c: In function ‘parentesisBalanceados’:
exercises.c:124:23: error: passing argument 2 of ‘push’ makes pointer from integer without a cast [-Werror=int-conversion]
  124 |       push(pila,cadena[i]);
      |                 ~~~~~~^~~
      |                       |
      |                       char
In file included from exercises.c:7,
                 from test.c:5:
stack.h:11:31: note: expected ‘void *’ but argument is of type ‘char’
   11 | void push(Stack *stack, void *data) { pushFront(stack, data); }
      |                         ~~~~~~^~~~
In file included from test.c:5:
exercises.c:138:10: error: invalid use of incomplete typedef ‘Stack’ {aka ‘List’}
  138 |   if(pila->head == NULL){
      |          ^~
exercises.c:144:1: error: control reaches end of non-void function [-Werror=return-type]
  144 | }
      | ^
cc1: all warnings being treated as errors
Compilation failed
171570f
Sat 23 Mar 2024 07:21:48 PM UTC: 
 exercises.c | 10 ++--------
 1 file changed, 2 insertions(+), 8 deletions(-)
 tests:  7|1
total_score: 60/70
2aaaa94
Sat 23 Mar 2024 07:24:12 PM UTC: 
 exercises.c | 4 +++-
 1 file changed, 3 insertions(+), 1 deletion(-)
 tests:  7|1
total_score: 60/70
d7b0cfb
Sat 23 Mar 2024 07:26:13 PM UTC: 
 exercises.c | 2 +-
 1 file changed, 1 insertion(+), 1 deletion(-)
 tests:  7|1
total_score: 60/70
f809703
Sat 23 Mar 2024 07:31:12 PM UTC: 
 exercises.c | 2 ++
 1 file changed, 2 insertions(+)
In file included from test.c:5:
exercises.c: In function ‘parentesisBalanceados’:
exercises.c:136:5: error: implicit declaration of function ‘free_stack’; did you mean ‘create_stack’? [-Werror=implicit-function-declaration]
  136 |     free_stack(pila);
      |     ^~~~~~~~~~
      |     create_stack
cc1: all warnings being treated as errors
Compilation failed
4dc3760
Sat 23 Mar 2024 07:33:25 PM UTC: 
 exercises.c | 1 +
 1 file changed, 1 insertion(+)
In file included from test.c:5:
exercises.c: In function ‘parentesisBalanceados’:
exercises.c:137:5: error: implicit declaration of function ‘free_stack’; did you mean ‘create_stack’? [-Werror=implicit-function-declaration]
  137 |     free_stack(pila);
      |     ^~~~~~~~~~
      |     create_stack
cc1: all warnings being treated as errors
Compilation failed
9b35f59
Sat 23 Mar 2024 07:33:54 PM UTC: 
 exercises.c | 3 +++
 1 file changed, 3 insertions(+)
In file included from test.c:5:
exercises.c: In function ‘parentesisBalanceados’:
exercises.c:140:5: error: implicit declaration of function ‘free_stack’; did you mean ‘create_stack’? [-Werror=implicit-function-declaration]
  140 |     free_stack(pila);
      |     ^~~~~~~~~~
      |     create_stack
cc1: all warnings being treated as errors
Compilation failed
721167f
Sat 23 Mar 2024 07:34:10 PM UTC: 
 exercises.c | 3 +--
 1 file changed, 1 insertion(+), 2 deletions(-)
In file included from test.c:5:
exercises.c: In function ‘parentesisBalanceados’:
exercises.c:139:5: error: implicit declaration of function ‘free_stack’; did you mean ‘create_stack’? [-Werror=implicit-function-declaration]
  139 |     free_stack(pila);
      |     ^~~~~~~~~~
      |     create_stack
cc1: all warnings being treated as errors
Compilation failed
c855f47
Sat 23 Mar 2024 07:34:31 PM UTC: 
 exercises.c | 2 ++
 1 file changed, 2 insertions(+)
In file included from test.c:5:
exercises.c: In function ‘parentesisBalanceados’:
exercises.c:140:5: error: implicit declaration of function ‘free_stack’; did you mean ‘create_stack’? [-Werror=implicit-function-declaration]
  140 |     free_stack(pila);
      |     ^~~~~~~~~~
      |     create_stack
cc1: all warnings being treated as errors
Compilation failed
3b77202
Sat 23 Mar 2024 07:34:44 PM UTC: 
 exercises.c | 4 +---
 1 file changed, 1 insertion(+), 3 deletions(-)
In file included from test.c:5:
exercises.c:10:10: fatal error: exercises.h: No such file or directory
   10 | #include "exercises.h"
      |          ^~~~~~~~~~~~~
compilation terminated.
Compilation failed
28f027f
